<?xml version="1.0" encoding="UTF-8"?>
<testsuite name="misc.BookServiceTest" tests="1" skipped="0" failures="0" errors="0" timestamp="2021-10-24T20:32:52" hostname="C02G73F2MD6PMBP" time="0.017">
  <properties/>
  <testcase name="testFindBook()" classname="misc.BookServiceTest" time="0.017"/>
  <system-out><![CDATA[]]></system-out>
  <system-err><![CDATA[]]></system-err>
</testsuite>
