<?xml version="1.0" encoding="UTF-8"?>
<testsuite name="no_argumentcaptor.BookServiceTest" tests="2" skipped="0" failures="0" errors="0" timestamp="2021-10-24T20:32:52" hostname="C02G73F2MD6PMBP" time="0.01">
  <properties/>
  <testcase name="testAddBookBoolean()" classname="no_argumentcaptor.BookServiceTest" time="0.009"/>
  <testcase name="testAddBookVoid()" classname="no_argumentcaptor.BookServiceTest" time="0.001"/>
  <system-out><![CDATA[]]></system-out>
  <system-err><![CDATA[]]></system-err>
</testsuite>
