<?xml version="1.0" encoding="UTF-8"?>
<testsuite name="exceptionhandling.BookServiceTest" tests="3" skipped="0" failures="0" errors="0" timestamp="2021-10-24T20:32:52" hostname="C02G73F2MD6PMBP" time="0.017">
  <properties/>
  <testcase name="testAddBook()" classname="exceptionhandling.BookServiceTest" time="0.012"/>
  <testcase name="testGetTotalPrice()" classname="exceptionhandling.BookServiceTest" time="0.003"/>
  <testcase name="testGetTotalPriceException()" classname="exceptionhandling.BookServiceTest" time="0.001"/>
  <system-out><![CDATA[]]></system-out>
  <system-err><![CDATA[]]></system-err>
</testsuite>
