<?xml version="1.0" encoding="UTF-8"?>
<testsuite name="argumentcaptor.BookServiceTestWithoutAnnotation" tests="2" skipped="0" failures="0" errors="0" timestamp="2021-10-16T23:42:09" hostname="C02G73F2MD6PMBP" time="0.409">
  <properties/>
  <testcase name="testAddBookBoolean()" classname="argumentcaptor.BookServiceTestWithoutAnnotation" time="0.398"/>
  <testcase name="testAddBookVoid()" classname="argumentcaptor.BookServiceTestWithoutAnnotation" time="0.01"/>
  <system-out><![CDATA[]]></system-out>
  <system-err><![CDATA[]]></system-err>
</testsuite>
