<?xml version="1.0" encoding="UTF-8"?>
<testsuite name="argumentmatchers.BookServiceTest" tests="4" skipped="0" failures="0" errors="0" timestamp="2021-10-24T20:32:52" hostname="C02G73F2MD6PMBP" time="0.02">
  <properties/>
  <testcase name="testAddBook()" classname="argumentmatchers.BookServiceTest" time="0.011"/>
  <testcase name="testFindBookByNameAndPrice()" classname="argumentmatchers.BookServiceTest" time="0.001"/>
  <testcase name="testIsPhysicsOrChemistry()" classname="argumentmatchers.BookServiceTest" time="0.004"/>
  <testcase name="testFindBook()" classname="argumentmatchers.BookServiceTest" time="0.001"/>
  <system-out><![CDATA[Physics
Chemistry
]]></system-out>
  <system-err><![CDATA[]]></system-err>
</testsuite>
