<?xml version="1.0" encoding="UTF-8"?>
<testsuite name="spy.BookManagerTest" tests="1" skipped="0" failures="0" errors="0" timestamp="2021-10-24T20:32:51" hostname="C02G73F2MD6PMBP" time="0.483">
  <properties/>
  <testcase name="testApplyDiscountOnBook()" classname="spy.BookManagerTest" time="0.483"/>
  <system-out><![CDATA[]]></system-out>
  <system-err><![CDATA[]]></system-err>
</testsuite>
