<?xml version="1.0" encoding="UTF-8"?>
<testsuite name="mypkg1.PersonTest" tests="1" skipped="0" failures="0" errors="0" timestamp="2021-10-24T20:32:52" hostname="C02G73F2MD6PMBP" time="0.022">
  <properties/>
  <testcase name="testGetName()" classname="mypkg1.PersonTest" time="0.022"/>
  <system-out><![CDATA[]]></system-out>
  <system-err><![CDATA[]]></system-err>
</testsuite>
